<?xml version="1.0" encoding="UTF-8"?>
<testng-results skipped="0" failed="0" ignored="0" total="2" passed="2">
  <reporter-output>
  </reporter-output>
  <suite name="Default suite" duration-ms="32" started-at="2020-05-19T20:09:22 EDT" finished-at="2020-05-19T20:09:22 EDT">
    <groups>
    </groups>
    <test name="Default test" duration-ms="32" started-at="2020-05-19T20:09:22 EDT" finished-at="2020-05-19T20:09:22 EDT">
      <class name="com.class01.Task">
        <test-method status="PASS" signature="beforeTest()[pri:0, instance:com.class01.Task@210366b4]" name="beforeTest" is-config="true" duration-ms="5" started-at="2020-05-19T20:09:22 EDT" finished-at="2020-05-19T20:09:22 EDT">
          <reporter-output>
          </reporter-output>
        </test-method> <!-- beforeTest -->
        <test-method status="PASS" signature="beforeMethod()[pri:0, instance:com.class01.Task@210366b4]" name="beforeMethod" is-config="true" duration-ms="1" started-at="2020-05-19T20:09:22 EDT" finished-at="2020-05-19T20:09:22 EDT">
          <reporter-output>
          </reporter-output>
        </test-method> <!-- beforeMethod -->
        <test-method status="PASS" signature="test1()[pri:0, instance:com.class01.Task@210366b4]" name="test1" duration-ms="3" started-at="2020-05-19T20:09:22 EDT" finished-at="2020-05-19T20:09:22 EDT">
          <reporter-output>
          </reporter-output>
        </test-method> <!-- test1 -->
        <test-method status="PASS" signature="afterMethod()[pri:0, instance:com.class01.Task@210366b4]" name="afterMethod" is-config="true" duration-ms="1" started-at="2020-05-19T20:09:22 EDT" finished-at="2020-05-19T20:09:22 EDT">
          <reporter-output>
          </reporter-output>
        </test-method> <!-- afterMethod -->
        <test-method status="PASS" signature="beforeMethod()[pri:0, instance:com.class01.Task@210366b4]" name="beforeMethod" is-config="true" duration-ms="0" started-at="2020-05-19T20:09:22 EDT" finished-at="2020-05-19T20:09:22 EDT">
          <reporter-output>
          </reporter-output>
        </test-method> <!-- beforeMethod -->
        <test-method status="PASS" signature="test2()[pri:0, instance:com.class01.Task@210366b4]" name="test2" duration-ms="1" started-at="2020-05-19T20:09:22 EDT" finished-at="2020-05-19T20:09:22 EDT">
          <reporter-output>
          </reporter-output>
        </test-method> <!-- test2 -->
        <test-method status="PASS" signature="afterMethod()[pri:0, instance:com.class01.Task@210366b4]" name="afterMethod" is-config="true" duration-ms="1" started-at="2020-05-19T20:09:22 EDT" finished-at="2020-05-19T20:09:22 EDT">
          <reporter-output>
          </reporter-output>
        </test-method> <!-- afterMethod -->
        <test-method status="PASS" signature="afterTest()[pri:0, instance:com.class01.Task@210366b4]" name="afterTest" is-config="true" duration-ms="0" started-at="2020-05-19T20:09:22 EDT" finished-at="2020-05-19T20:09:22 EDT">
          <reporter-output>
          </reporter-output>
        </test-method> <!-- afterTest -->
      </class> <!-- com.class01.Task -->
    </test> <!-- Default test -->
  </suite> <!-- Default suite -->
</testng-results>
